

 Arquivo LOG aberto em 05/06/20 20:56:14

Número Total de Arquivos=1
Arquivo de Dados: all_data.csv

Arquivo de Log: EXTERNAL_TABLE_5580_12448.log



 Arquivo LOG aberto em 05/06/20 20:56:14

Arquivo de Incorreções: EXTERNAL_TABLE_5580_12448.bad

Definições de Campo para a tabela EXTERNAL_TABLE
  Formato de registro DELIMITED BY NEWLINE
  Os dados do arquivo têm o mesmo formato endian que a plataforma
  Aceitar linhas com todos os campos nulos

  Campos da Origem de Dados: 

    FIPS                            CHAR (255)
      Encerrado por ","
      Reduzir o espaço em branco igual ao SQL Loader
    ADMIN2                          CHAR (255)
      Encerrado por ","
      Reduzir o espaço em branco igual ao SQL Loader
    PROVINCE_STATE                  CHAR (255)
      Encerrado por ","
      Reduzir o espaço em branco igual ao SQL Loader
    COUNTRY_REGION                  CHAR (255)
      Encerrado por ","
      Reduzir o espaço em branco igual ao SQL Loader
    LAST_UPDATE                     CHAR (255)
      Encerrado por ","
      Reduzir o espaço em branco igual ao SQL Loader
    LAT                             CHAR (255)
      Encerrado por ","
      Reduzir o espaço em branco igual ao SQL Loader
    LONG_                           CHAR (255)
      Encerrado por ","
      Reduzir o espaço em branco igual ao SQL Loader
    CONFIRMED                       CHAR (255)
      Encerrado por ","
      Reduzir o espaço em branco igual ao SQL Loader
    DEATHS                          CHAR (255)
      Encerrado por ","
      Reduzir o espaço em branco igual ao SQL Loader
    RECOVERED                       CHAR (255)
      Encerrado por ","
      Reduzir o espaço em branco igual ao SQL Loader
    ACTIVE                          CHAR (255)
      Encerrado por ","
      Reduzir o espaço em branco igual ao SQL Loader
    COMBINED_KEY                    CHAR (255)
      Encerrado por ","
      Reduzir o espaço em branco igual ao SQL Loader
KUP-04020: registro encontrado maior que o tamanho suportado pelo buffer, 524288, em C:\dev\projeto-covid\src\results\all_data.csv (offset=0)
KUP-04053: número de registro 1


 Arquivo LOG aberto em 05/06/20 20:56:15

Número Total de Arquivos=1
Arquivo de Dados: all_data.csv

Arquivo de Log: EXTERNAL_TABLE_5580_12448.log



 Arquivo LOG aberto em 05/06/20 20:56:15

Arquivo de Incorreções: EXTERNAL_TABLE_5580_12448.bad

Definições de Campo para a tabela EXTERNAL_TABLE
  Formato de registro DELIMITED BY NEWLINE
  Os dados do arquivo têm o mesmo formato endian que a plataforma
  Aceitar linhas com todos os campos nulos

  Campos da Origem de Dados: 

    FIPS                            CHAR (255)
      Encerrado por ","
      Reduzir o espaço em branco igual ao SQL Loader
    ADMIN2                          CHAR (255)
      Encerrado por ","
      Reduzir o espaço em branco igual ao SQL Loader
    PROVINCE_STATE                  CHAR (255)
      Encerrado por ","
      Reduzir o espaço em branco igual ao SQL Loader
    COUNTRY_REGION                  CHAR (255)
      Encerrado por ","
      Reduzir o espaço em branco igual ao SQL Loader
    LAST_UPDATE                     CHAR (255)
      Encerrado por ","
      Reduzir o espaço em branco igual ao SQL Loader
    LAT                             CHAR (255)
      Encerrado por ","
      Reduzir o espaço em branco igual ao SQL Loader
    LONG_                           CHAR (255)
      Encerrado por ","
      Reduzir o espaço em branco igual ao SQL Loader
    CONFIRMED                       CHAR (255)
      Encerrado por ","
      Reduzir o espaço em branco igual ao SQL Loader
    DEATHS                          CHAR (255)
      Encerrado por ","
      Reduzir o espaço em branco igual ao SQL Loader
    RECOVERED                       CHAR (255)
      Encerrado por ","
      Reduzir o espaço em branco igual ao SQL Loader
    ACTIVE                          CHAR (255)
      Encerrado por ","
      Reduzir o espaço em branco igual ao SQL Loader
    COMBINED_KEY                    CHAR (255)
      Encerrado por ","
      Reduzir o espaço em branco igual ao SQL Loader
KUP-04020: registro encontrado maior que o tamanho suportado pelo buffer, 524288, em C:\dev\projeto-covid\src\results\all_data.csv (offset=0)
KUP-04053: número de registro 1


 Arquivo LOG aberto em 05/06/20 20:57:22

Número Total de Arquivos=1
Arquivo de Dados: all_data.csv

Arquivo de Log: EXTERNAL_TABLE_5580_12448.log



 Arquivo LOG aberto em 05/06/20 20:57:22

Arquivo de Incorreções: EXTERNAL_TABLE_5580_12448.bad

Definições de Campo para a tabela EXTERNAL_TABLE
  Formato de registro DELIMITED BY NEWLINE
  Os dados do arquivo têm o mesmo formato endian que a plataforma
  Aceitar linhas com todos os campos nulos

  Campos da Origem de Dados: 

    FIPS                            CHAR (255)
      Encerrado por ","
      Reduzir o espaço em branco igual ao SQL Loader
    ADMIN2                          CHAR (255)
      Encerrado por ","
      Reduzir o espaço em branco igual ao SQL Loader
    PROVINCE_STATE                  CHAR (255)
      Encerrado por ","
      Reduzir o espaço em branco igual ao SQL Loader
    COUNTRY_REGION                  CHAR (255)
      Encerrado por ","
      Reduzir o espaço em branco igual ao SQL Loader
    LAST_UPDATE                     CHAR (255)
      Encerrado por ","
      Reduzir o espaço em branco igual ao SQL Loader
    LAT                             CHAR (255)
      Encerrado por ","
      Reduzir o espaço em branco igual ao SQL Loader
    LONG_                           CHAR (255)
      Encerrado por ","
      Reduzir o espaço em branco igual ao SQL Loader
    CONFIRMED                       CHAR (255)
      Encerrado por ","
      Reduzir o espaço em branco igual ao SQL Loader
    DEATHS                          CHAR (255)
      Encerrado por ","
      Reduzir o espaço em branco igual ao SQL Loader
    RECOVERED                       CHAR (255)
      Encerrado por ","
      Reduzir o espaço em branco igual ao SQL Loader
    ACTIVE                          CHAR (255)
      Encerrado por ","
      Reduzir o espaço em branco igual ao SQL Loader
    COMBINED_KEY                    CHAR (255)
      Encerrado por ","
      Reduzir o espaço em branco igual ao SQL Loader
KUP-04020: registro encontrado maior que o tamanho suportado pelo buffer, 524288, em C:\dev\projeto-covid\src\results\all_data.csv (offset=0)
KUP-04053: número de registro 1


 Arquivo LOG aberto em 05/06/20 20:58:04

Número Total de Arquivos=1
Arquivo de Dados: all_data.csv

Arquivo de Log: EXTERNAL_TABLE_5580_12448.log



 Arquivo LOG aberto em 05/06/20 20:58:04

Arquivo de Incorreções: EXTERNAL_TABLE_5580_12448.bad

Definições de Campo para a tabela EXTERNAL_TABLE
  Formato de registro DELIMITED, delimitado por 

  Os dados do arquivo têm o mesmo formato endian que a plataforma
  Aceitar linhas com todos os campos nulos

  Campos da Origem de Dados: 

    FIPS                            CHAR (255)
      Encerrado por ","
      Reduzir o espaço em branco igual ao SQL Loader
    ADMIN2                          CHAR (255)
      Encerrado por ","
      Reduzir o espaço em branco igual ao SQL Loader
    PROVINCE_STATE                  CHAR (255)
      Encerrado por ","
      Reduzir o espaço em branco igual ao SQL Loader
    COUNTRY_REGION                  CHAR (255)
      Encerrado por ","
      Reduzir o espaço em branco igual ao SQL Loader
    LAST_UPDATE                     CHAR (255)
      Encerrado por ","
      Reduzir o espaço em branco igual ao SQL Loader
    LAT                             CHAR (255)
      Encerrado por ","
      Reduzir o espaço em branco igual ao SQL Loader
    LONG_                           CHAR (255)
      Encerrado por ","
      Reduzir o espaço em branco igual ao SQL Loader
    CONFIRMED                       CHAR (255)
      Encerrado por ","
      Reduzir o espaço em branco igual ao SQL Loader
    DEATHS                          CHAR (255)
      Encerrado por ","
      Reduzir o espaço em branco igual ao SQL Loader
    RECOVERED                       CHAR (255)
      Encerrado por ","
      Reduzir o espaço em branco igual ao SQL Loader
    ACTIVE                          CHAR (255)
      Encerrado por ","
      Reduzir o espaço em branco igual ao SQL Loader
    COMBINED_KEY                    CHAR (255)
      Encerrado por ","
      Reduzir o espaço em branco igual ao SQL Loader
