

 Arquivo LOG aberto em 05/13/20 22:00:12

Número Total de Arquivos=1
Arquivo de Dados: all_data.csv

Arquivo de Log: EXTERNAL_TABLE_5936_12444.log



 Arquivo LOG aberto em 05/13/20 22:00:12

Arquivo de Incorreções: EXTERNAL_TABLE_5936_12444.bad

Definições de Campo para a tabela EXTERNAL_TABLE
  Formato de registro DELIMITED, delimitado por 

  Os dados do arquivo têm o mesmo formato endian que a plataforma
  Aceitar linhas com todos os campos nulos

  Campos da Origem de Dados: 

    FIPS                            CHAR (255)
      Encerrado por ","
      Reduzir o espaço em branco igual ao SQL Loader
    ADMIN2                          CHAR (255)
      Encerrado por ","
      Reduzir o espaço em branco igual ao SQL Loader
    PROVINCE_STATE                  CHAR (255)
      Encerrado por ","
      Reduzir o espaço em branco igual ao SQL Loader
    COUNTRY_REGION                  CHAR (255)
      Encerrado por ","
      Reduzir o espaço em branco igual ao SQL Loader
    LAST_UPDATE                     CHAR (255)
      Encerrado por ","
      Reduzir o espaço em branco igual ao SQL Loader
    LAT                             CHAR (255)
      Encerrado por ","
      Reduzir o espaço em branco igual ao SQL Loader
    LONG_                           CHAR (255)
      Encerrado por ","
      Reduzir o espaço em branco igual ao SQL Loader
    CONFIRMED                       CHAR (255)
      Encerrado por ","
      Reduzir o espaço em branco igual ao SQL Loader
    DEATHS                          CHAR (255)
      Encerrado por ","
      Reduzir o espaço em branco igual ao SQL Loader
    RECOVERED                       CHAR (255)
      Encerrado por ","
      Reduzir o espaço em branco igual ao SQL Loader
    ACTIVE                          CHAR (255)
      Encerrado por ","
      Reduzir o espaço em branco igual ao SQL Loader
    COMBINED_KEY                    CHAR (255)
      Encerrado por ","
      Reduzir o espaço em branco igual ao SQL Loader
